<?xml version="1.0" encoding="UTF-8"?>
<testsuite xmlns:xsi="http://www.w3.org/2001/XMLSchema-instance" xsi:noNamespaceSchemaLocation="https://maven.apache.org/surefire/maven-surefire-plugin/xsd/surefire-test-report.xsd" version="3.0.2" name="com.payUp.build.BuildApplicationTests" time="16.87" tests="1" errors="0" skipped="0" failures="0">
  <properties>
[...]
</properties>
  <testcase name="contextLoads" classname="com.payUp.build.BuildApplicationTests" time="0.881">
    <system-out><![CDATA[18:55:52.356 [main] INFO org.springframework.test.context.support.AnnotationConfigContextLoaderUtils -- Could not detect default configuration classes for test class [com.payUp.build.BuildApplicationTests]: BuildApplicationTests does not declare any static, non-private, non-final, nested classes annotated with @Configuration.
18:55:52.684 [main] INFO org.springframework.boot.test.context.SpringBootTestContextBootstrapper -- Found @SpringBootConfiguration com.payUp.build.PayUpApplication for test class com.payUp.build.BuildApplicationTests

  .   ____          _            __ _ _
 /\\ / ___'_ __ _ _(_)_ __  __ _ \ \ \ \
( ( )\___ | '_ | '_| | '_ \/ _` | \ \ \ \
 \\/  ___)| |_)| | | | | || (_| |  ) ) ) )
  '  |____| .__|_| |_|_| |_\__, | / / / /
 =========|_|==============|___/=/_/_/_/

 :: Spring Boot ::                (v3.4.5)

2026-06-08T18:55:53.668Z  INFO 12813 --- [payup] [           main] com.payUp.build.BuildApplicationTests    : Starting BuildApplicationTests using Java 21.0.7 with PID 12813 (started by codespace in /workspaces/payUp/payUp)
2026-06-08T18:55:53.674Z  INFO 12813 --- [payup] [           main] com.payUp.build.BuildApplicationTests    : No active profile set, falling back to 1 default profile: "default"
2026-06-08T18:55:56.409Z  INFO 12813 --- [payup] [           main] .s.d.r.c.RepositoryConfigurationDelegate : Multiple Spring Data modules found, entering strict repository configuration mode
2026-06-08T18:55:56.414Z  INFO 12813 --- [payup] [           main] .s.d.r.c.RepositoryConfigurationDelegate : Bootstrapping Spring Data JPA repositories in DEFAULT mode.
2026-06-08T18:55:56.676Z  INFO 12813 --- [payup] [           main] .s.d.r.c.RepositoryConfigurationDelegate : Finished Spring Data repository scanning in 248 ms. Found 7 JPA repository interfaces.
2026-06-08T18:55:56.715Z  INFO 12813 --- [payup] [           main] .s.d.r.c.RepositoryConfigurationDelegate : Multiple Spring Data modules found, entering strict repository configuration mode
2026-06-08T18:55:56.719Z  INFO 12813 --- [payup] [           main] .s.d.r.c.RepositoryConfigurationDelegate : Bootstrapping Spring Data Redis repositories in DEFAULT mode.
2026-06-08T18:55:56.762Z  INFO 12813 --- [payup] [           main] .RepositoryConfigurationExtensionSupport : Spring Data Redis - Could not safely identify store assignment for repository candidate interface com.payUp.build.credential.repository.ApiCredentialRepository; If you want this repository to be a Redis repository, consider annotating your entities with one of these annotations: org.springframework.data.redis.core.RedisHash (preferred), or consider extending one of the following types with your repository: org.springframework.data.keyvalue.repository.KeyValueRepository
2026-06-08T18:55:56.763Z  INFO 12813 --- [payup] [           main] .RepositoryConfigurationExtensionSupport : Spring Data Redis - Could not safely identify store assignment for repository candidate interface com.payUp.build.merchant.repository.MerchantRepository; If you want this repository to be a Redis repository, consider annotating your entities with one of these annotations: org.springframework.data.redis.core.RedisHash (preferred), or consider extending one of the following types with your repository: org.springframework.data.keyvalue.repository.KeyValueRepository
2026-06-08T18:55:56.764Z  INFO 12813 --- [payup] [           main] .RepositoryConfigurationExtensionSupport : Spring Data Redis - Could not safely identify store assignment for repository candidate interface com.payUp.build.payment.repository.OrderRepository; If you want this repository to be a Redis repository, consider annotating your entities with one of these annotations: org.springframework.data.redis.core.RedisHash (preferred), or consider extending one of the following types with your repository: org.springframework.data.keyvalue.repository.KeyValueRepository
2026-06-08T18:55:56.764Z  INFO 12813 --- [payup] [           main] .RepositoryConfigurationExtensionSupport : Spring Data Redis - Could not safely identify store assignment for repository candidate interface com.payUp.build.payment.repository.PaymentRepository; If you want this repository to be a Redis repository, consider annotating your entities with one of these annotations: org.springframework.data.redis.core.RedisHash (preferred), or consider extending one of the following types with your repository: org.springframework.data.keyvalue.repository.KeyValueRepository
2026-06-08T18:55:56.765Z  INFO 12813 --- [payup] [           main] .RepositoryConfigurationExtensionSupport : Spring Data Redis - Could not safely identify store assignment for repository candidate interface com.payUp.build.refund.repository.RefundRepository; If you want this repository to be a Redis repository, consider annotating your entities with one of these annotations: org.springframework.data.redis.core.RedisHash (preferred), or consider extending one of the following types with your repository: org.springframework.data.keyvalue.repository.KeyValueRepository
2026-06-08T18:55:56.765Z  INFO 12813 --- [payup] [           main] .RepositoryConfigurationExtensionSupport : Spring Data Redis - Could not safely identify store assignment for repository candidate interface com.payUp.build.webhook.repository.WebhookDeliveryRepository; If you want this repository to be a Redis repository, consider annotating your entities with one of these annotations: org.springframework.data.redis.core.RedisHash (preferred), or consider extending one of the following types with your repository: org.springframework.data.keyvalue.repository.KeyValueRepository
2026-06-08T18:55:56.767Z  INFO 12813 --- [payup] [           main] .RepositoryConfigurationExtensionSupport : Spring Data Redis - Could not safely identify store assignment for repository candidate interface com.payUp.build.webhook.repository.WebhookEndpointRepository; If you want this repository to be a Redis repository, consider annotating your entities with one of these annotations: org.springframework.data.redis.core.RedisHash (preferred), or consider extending one of the following types with your repository: org.springframework.data.keyvalue.repository.KeyValueRepository
2026-06-08T18:55:56.767Z  INFO 12813 --- [payup] [           main] .s.d.r.c.RepositoryConfigurationDelegate : Finished Spring Data repository scanning in 24 ms. Found 0 Redis repository interfaces.
2026-06-08T18:55:58.207Z  INFO 12813 --- [payup] [           main] com.zaxxer.hikari.HikariDataSource       : HikariPool-1 - Starting...
2026-06-08T18:55:58.665Z  INFO 12813 --- [payup] [           main] com.zaxxer.hikari.pool.HikariPool        : HikariPool-1 - Added connection org.postgresql.jdbc.PgConnection@7657d90b
2026-06-08T18:55:58.668Z  INFO 12813 --- [payup] [           main] com.zaxxer.hikari.HikariDataSource       : HikariPool-1 - Start completed.
2026-06-08T18:55:58.705Z  INFO 12813 --- [payup] [           main] org.flywaydb.core.FlywayExecutor         : Database: jdbc:postgresql://localhost:5432/payup (PostgreSQL 16.14)
2026-06-08T18:55:58.861Z  INFO 12813 --- [payup] [           main] o.f.core.internal.command.DbValidate     : Successfully validated 7 migrations (execution time 00:00.086s)
2026-06-08T18:55:58.894Z  INFO 12813 --- [payup] [           main] o.f.core.internal.command.DbMigrate      : Current version of schema "public": 7
2026-06-08T18:55:58.901Z  INFO 12813 --- [payup] [           main] o.f.core.internal.command.DbMigrate      : Schema "public" is up to date. No migration necessary.
2026-06-08T18:55:59.292Z  INFO 12813 --- [payup] [           main] o.hibernate.jpa.internal.util.LogHelper  : HHH000204: Processing PersistenceUnitInfo [name: default]
2026-06-08T18:55:59.437Z  INFO 12813 --- [payup] [           main] org.hibernate.Version                    : HHH000412: Hibernate ORM core version 6.6.13.Final
2026-06-08T18:55:59.501Z  INFO 12813 --- [payup] [           main] o.h.c.internal.RegionFactoryInitiator    : HHH000026: Second-level cache disabled
2026-06-08T18:56:00.004Z  INFO 12813 --- [payup] [           main] o.s.o.j.p.SpringPersistenceUnitInfo      : No LoadTimeWeaver setup: ignoring JPA class transformer
2026-06-08T18:56:00.077Z  WARN 12813 --- [payup] [           main] org.hibernate.orm.deprecation            : HHH90000025: PostgreSQLDialect does not need to be specified explicitly using 'hibernate.dialect' (remove the property setting and it will be selected by default)
2026-06-08T18:56:00.092Z  INFO 12813 --- [payup] [           main] org.hibernate.orm.connections.pooling    : HHH10001005: Database info:
	Database JDBC URL [Connecting through datasource 'HikariDataSource (HikariPool-1)']
	Database driver: undefined/unknown
	Database version: 16.14
	Autocommit mode: undefined/unknown
	Isolation level: undefined/unknown
	Minimum pool size: undefined/unknown
	Maximum pool size: undefined/unknown
2026-06-08T18:56:01.774Z  INFO 12813 --- [payup] [           main] o.h.e.t.j.p.i.JtaPlatformInitiator       : HHH000489: No JTA platform available (set 'hibernate.transaction.jta.platform' to enable JTA platform integration)
2026-06-08T18:56:01.866Z  INFO 12813 --- [payup] [           main] j.LocalContainerEntityManagerFactoryBean : Initialized JPA EntityManagerFactory for persistence unit 'default'
2026-06-08T18:56:02.921Z  INFO 12813 --- [payup] [           main] o.s.d.j.r.query.QueryEnhancerFactory     : Hibernate is in classpath; If applicable, HQL parser will be used.
2026-06-08T18:56:04.632Z  WARN 12813 --- [payup] [           main] JpaBaseConfiguration$JpaWebConfiguration : spring.jpa.open-in-view is enabled by default. Therefore, database queries may be performed during view rendering. Explicitly configure spring.jpa.open-in-view to disable this warning
2026-06-08T18:56:04.666Z  WARN 12813 --- [payup] [           main] .s.s.UserDetailsServiceAutoConfiguration : 

Using generated security password: 1b612324-d0d0-4a62-8893-e5bedc82c42b

This generated password is for development use only. Your security configuration must be updated before running your application in production.

2026-06-08T18:56:04.675Z  INFO 12813 --- [payup] [           main] r$InitializeUserDetailsManagerConfigurer : Global AuthenticationManager configured with UserDetailsService bean with name inMemoryUserDetailsManager
2026-06-08T18:56:06.182Z  INFO 12813 --- [payup] [           main] o.a.k.clients.admin.AdminClientConfig    : AdminClientConfig values: 
	auto.include.jmx.reporter = true
	bootstrap.controllers = []
	bootstrap.servers = [localhost:9092]
	client.dns.lookup = use_all_dns_ips
	client.id = payup-admin-0
	connections.max.idle.ms = 300000
	default.api.timeout.ms = 60000
	enable.metrics.push = true
	metadata.max.age.ms = 300000
	metadata.recovery.strategy = none
	metric.reporters = []
	metrics.num.samples = 2
	metrics.recording.level = INFO
	metrics.sample.window.ms = 30000
	receive.buffer.bytes = 65536
	reconnect.backoff.max.ms = 1000
	reconnect.backoff.ms = 50
	request.timeout.ms = 30000
	retries = 2147483647
	retry.backoff.max.ms = 1000
	retry.backoff.ms = 100
	sasl.client.callback.handler.class = null
	sasl.jaas.config = null
	sasl.kerberos.kinit.cmd = /usr/bin/kinit
	sasl.kerberos.min.time.before.relogin = 60000
	sasl.kerberos.service.name = null
	sasl.kerberos.ticket.renew.jitter = 0.05
	sasl.kerberos.ticket.renew.window.factor = 0.8
	sasl.login.callback.handler.class = null
	sasl.login.class = null
	sasl.login.connect.timeout.ms = null
	sasl.login.read.timeout.ms = null
	sasl.login.refresh.buffer.seconds = 300
	sasl.login.refresh.min.period.seconds = 60
	sasl.login.refresh.window.factor = 0.8
	sasl.login.refresh.window.jitter = 0.05
	sasl.login.retry.backoff.max.ms = 10000
	sasl.login.retry.backoff.ms = 100
	sasl.mechanism = GSSAPI
	sasl.oauthbearer.clock.skew.seconds = 30
	sasl.oauthbearer.expected.audience = null
	sasl.oauthbearer.expected.issuer = null
	sasl.oauthbearer.jwks.endpoint.refresh.ms = 3600000
	sasl.oauthbearer.jwks.endpoint.retry.backoff.max.ms = 10000
	sasl.oauthbearer.jwks.endpoint.retry.backoff.ms = 100
	sasl.oauthbearer.jwks.endpoint.url = null
	sasl.oauthbearer.scope.claim.name = scope
	sasl.oauthbearer.sub.claim.name = sub
	sasl.oauthbearer.token.endpoint.url = null
	security.protocol = PLAINTEXT
	security.providers = null
	send.buffer.bytes = 131072
	socket.connection.setup.timeout.max.ms = 30000
	socket.connection.setup.timeout.ms = 10000
	ssl.cipher.suites = null
	ssl.enabled.protocols = [TLSv1.2, TLSv1.3]
	ssl.endpoint.identification.algorithm = https
	ssl.engine.factory.class = null
	ssl.key.password = null
	ssl.keymanager.algorithm = SunX509
	ssl.keystore.certificate.chain = null
	ssl.keystore.key = null
	ssl.keystore.location = null
	ssl.keystore.password = null
	ssl.keystore.type = JKS
	ssl.protocol = TLSv1.3
	ssl.provider = null
	ssl.secure.random.implementation = null
	ssl.trustmanager.algorithm = PKIX
	ssl.truststore.certificates = null
	ssl.truststore.location = null
	ssl.truststore.password = null
	ssl.truststore.type = JKS

2026-06-08T18:56:06.614Z  INFO 12813 --- [payup] [           main] o.a.kafka.common.utils.AppInfoParser     : Kafka version: 3.8.1
2026-06-08T18:56:06.615Z  INFO 12813 --- [payup] [           main] o.a.kafka.common.utils.AppInfoParser     : Kafka commitId: 70d6ff42debf7e17
2026-06-08T18:56:06.615Z  INFO 12813 --- [payup] [           main] o.a.kafka.common.utils.AppInfoParser     : Kafka startTimeMs: 1780944966613
2026-06-08T18:56:07.025Z  WARN 12813 --- [payup] [| payup-admin-0] o.a.k.clients.admin.KafkaAdminClient     : [AdminClient clientId=payup-admin-0] The DescribeTopicPartitions API is not supported, using Metadata API to describe topics.
2026-06-08T18:56:07.786Z  INFO 12813 --- [payup] [| payup-admin-0] o.a.kafka.common.utils.AppInfoParser     : App info kafka.admin.client for payup-admin-0 unregistered
2026-06-08T18:56:07.794Z  INFO 12813 --- [payup] [| payup-admin-0] o.apache.kafka.common.metrics.Metrics    : Metrics scheduler closed
2026-06-08T18:56:07.795Z  INFO 12813 --- [payup] [| payup-admin-0] o.apache.kafka.common.metrics.Metrics    : Closing reporter org.apache.kafka.common.metrics.JmxReporter
2026-06-08T18:56:07.795Z  INFO 12813 --- [payup] [| payup-admin-0] o.apache.kafka.common.metrics.Metrics    : Metrics reporters closed
2026-06-08T18:56:07.915Z  INFO 12813 --- [payup] [           main] com.payUp.build.BuildApplicationTests    : Started BuildApplicationTests in 14.998 seconds (process running for 16.69)
Hibernate: 
    select
        wd1_0.id,
        wd1_0.attempt_count,
        wd1_0.created_at,
        wd1_0.event_type,
        wd1_0.last_error,
        wd1_0.last_response_code,
        wd1_0.next_retry_at,
        wd1_0.payload,
        wd1_0.status,
        wd1_0.updated_at,
        wd1_0.webhook_endpoint_id 
    from
        webhook_deliveries wd1_0 
    where
        wd1_0.status=? 
        and wd1_0.next_retry_at<?
]]></system-out>
    <system-err><![CDATA[Mockito is currently self-attaching to enable the inline-mock-maker. This will no longer work in future releases of the JDK. Please add Mockito as an agent to your build what is described in Mockito's documentation: https://javadoc.io/doc/org.mockito/mockito-core/latest/org/mockito/Mockito.html#0.3
WARNING: A Java agent has been loaded dynamically (/home/codespace/.m2/repository/net/bytebuddy/byte-buddy-agent/1.15.11/byte-buddy-agent-1.15.11.jar)
WARNING: If a serviceability tool is in use, please run with -XX:+EnableDynamicAgentLoading to hide this warning
WARNING: If a serviceability tool is not in use, please run with -Djdk.instrument.traceUsage for more information
WARNING: Dynamic loading of agents will be disallowed by default in a future release
]]></system-err>
  </testcase>
</testsuite>